<?xml version="1.0" encoding="UTF-8"?>
<testsuite name="HangManTest" tests="3" skipped="0" failures="0" errors="0" timestamp="2018-05-06T12:12:33" hostname="agnes-Latitude-E6430" time="0.003">
  <properties/>
  <testcase name="checkSplitting" classname="HangManTest" time="0.002"/>
  <testcase name="getStringWord" classname="HangManTest" time="0.0"/>
  <testcase name="getRandomword" classname="HangManTest" time="0.0"/>
  <system-out><![CDATA[]]></system-out>
  <system-err><![CDATA[]]></system-err>
</testsuite>
