<?xml version="1.0" encoding="UTF-8"?>
<testsuite name="HangManTest" tests="1" skipped="0" failures="0" errors="0" timestamp="2018-05-05T11:11:24" hostname="agnes-Latitude-E6430" time="0.002">
  <properties/>
  <testcase name="testHangManInstatiatesCorrectly" classname="HangManTest" time="0.002"/>
  <system-out><![CDATA[]]></system-out>
  <system-err><![CDATA[]]></system-err>
</testsuite>
